py : Traceback (most re
cent call last):
At line:1 char:1
+ py Assets\Python\api_
server.py 2> error.log;
 Get-Content error.log 
|  ...
+ ~~~~~~~~~~~~~~~~~~~~~
~~~~~~~~~~~~~~~~~~~~~~
    + CategoryInfo     
         : NotSpecifi  
  ed: (Traceback (mo   
 st recent call las    
t)::String) [], Re    m
oteException
    + FullyQualifiedEr 
   rorId : NativeComm  
  andError
 
  File "D:\Projects\In 
progress\UniversalAnaly
zer\ArchitectureVisuali
zerApp\Assets\Python\ap
i_server.py", line 17, 
in <module>
    from core.json_expo
rter import export_proj
ect_json
ImportError: cannot imp
ort name 'export_projec
t_json' from 'core.json
_exporter' (D:\Projects
\In progress\UniversalA
nalyzer\ArchitectureVis
ualizerApp\Assets\Pytho
n\core\json_exporter.py
)
